<?xml version="1.0" encoding="UTF-8"?>
<!-- Generated by org.testng.reporters.JUnitReportReporter -->
<testsuite skipped="0" hostname="DESKTOP-HIKNL3J" name="mavenProject.AppiumTest" tests="2" failures="0" timestamp="2021-09-13T01:09:46 IST" time="0.005" errors="0">
  <testcase name="APPIUMBrowserAutomation" time="0.005" classname="mavenProject.AppiumTest"/>
  <system-out/>
  <testcase name="APPIUMUIAutomation" time="0.000" classname="mavenProject.AppiumTest"/>
  <system-out/>
</testsuite> <!-- mavenProject.AppiumTest -->
