<?xml version="1.0" encoding="UTF-8"?>
<!-- Generated by org.testng.reporters.JUnitReportReporter -->
<testsuite skipped="0" hostname="DESKTOP-HIKNL3J" name="mavenProject.RestAssuredTest" tests="2" failures="0" timestamp="2021-09-13T01:13:50 IST" time="0.001" errors="0">
  <testcase name="APIBrowserAutomation" time="0.000" classname="mavenProject.RestAssuredTest"/>
  <system-out/>
  <testcase name="APIUIAutomation" time="0.001" classname="mavenProject.RestAssuredTest"/>
  <system-out/>
</testsuite> <!-- mavenProject.RestAssuredTest -->
