<?xml version="1.0" encoding="UTF-8"?>
<!-- Generated by org.testng.reporters.JUnitReportReporter -->
<testsuite skipped="0" hostname="DESKTOP-HIKNL3J" name="mavenProject.SeleniumTest" tests="2" failures="0" timestamp="2021-09-13T01:13:50 IST" time="0.004" errors="0">
  <testcase name="SeleniumUIAutomation" time="0.000" classname="mavenProject.SeleniumTest"/>
  <system-out/>
  <testcase name="SeleniumBrowserAutomation" time="0.004" classname="mavenProject.SeleniumTest"/>
  <system-out/>
</testsuite> <!-- mavenProject.SeleniumTest -->
