<?xml version="1.0" encoding="UTF-8"?>
<!-- Generated by org.testng.reporters.JUnitReportReporter -->
<testsuite hostname="DESKTOP-HIKNL3J" failures="0" tests="1" name="mavenProject.AppTest" time="0.013" errors="0" timestamp="2021-09-06T19:43:18 IST" skipped="0">
  <testcase classname="mavenProject.AppTest" name="shouldAnswerWithTrue" time="0.013"/>
  <system-out/>
</testsuite> <!-- mavenProject.AppTest -->
